<?xml version="1.0" encoding="UTF-8"?>
<!-- Generated by org.testng.reporters.JUnitXMLReporter -->
<testsuite ignored="0" hostname="LP-000873.local" failures="0" tests="15" name="Default test" time="38.681" errors="0" timestamp="2025-07-23T14:07:56 IST">
  <testcase classname="com.qa.crm2.tests.ProductPageInfoTest" name="addItemTest" time="4.412"/>
  <testcase classname="com.qa.crm2.tests.ProductPageInfoTest" name="productHeaderTest" time="2.656"/>
  <testcase classname="com.qa.crm2.tests.ProductPageInfoTest" name="productHeaderTest" time="1.701"/>
  <testcase classname="com.qa.crm2.tests.ProductPageInfoTest" name="productHeaderTest" time="1.621"/>
  <testcase classname="com.qa.crm2.tests.ProductPageInfoTest" name="productHeaderTest" time="1.394"/>
  <testcase classname="com.qa.crm2.tests.ProductPageInfoTest" name="productImagesCountTest" time="1.027"/>
  <testcase classname="com.qa.crm2.tests.ProductPageInfoTest" name="productImagesCountTest" time="1.266"/>
  <testcase classname="com.qa.crm2.tests.ProductPageInfoTest" name="productImagesCountTest" time="1.166"/>
  <testcase classname="com.qa.crm2.tests.ProductPageInfoTest" name="productImagesCountTest" time="1.287"/>
  <testcase classname="com.qa.crm2.tests.ProductPageInfoTest" name="productImagesCountTest" time="1.066"/>
  <testcase classname="com.qa.crm2.tests.ProductPageInfoTest" name="productImagesCountTest" time="1.073"/>
  <testcase classname="com.qa.crm2.tests.ProductPageInfoTest" name="productImagesCountTest" time="0.974"/>
  <testcase classname="com.qa.crm2.tests.ProductPageInfoTest" name="productImagesCountTest" time="0.933"/>
  <testcase classname="com.qa.crm2.tests.ProductPageInfoTest" name="productImagesCountTest" time="1.654"/>
  <testcase classname="com.qa.crm2.tests.ProductPageInfoTest" name="productInfoTest" time="1.086"/>
</testsuite> <!-- Default test -->
