<?xml version="1.0" encoding="UTF-8"?>
<testng-results ignored="0" total="37" passed="37" failed="0" skipped="0">
  <reporter-output>
  </reporter-output>
  <suite started-at="2025-07-28T11:44:00 IST" name="Open Cart Regression Suite" finished-at="2025-07-28T11:50:29 IST" duration-ms="389436">
    <groups>
    </groups>
    <test started-at="2025-07-28T11:44:00 IST" name="Login Page Test Firefox" finished-at="2025-07-28T11:45:24 IST" duration-ms="84453">
      <class name="com.qa.crm2.tests.LoginPageTest">
        <test-method is-config="true" signature="setup(java.lang.String)[pri:0, instance:com.qa.crm2.tests.LoginPageTest@22d9ca63]" started-at="2025-07-28T11:44:00 IST" name="setup" finished-at="2025-07-28T11:44:45 IST" duration-ms="45266" status="PASS">
          <params>
            <param index="0">
              <value>
                <![CDATA[firefox]]>
              </value>
            </param>
          </params>
          <reporter-output>
          </reporter-output>
        </test-method> <!-- setup -->
        <test-method signature="forgotPwdLinkExistTest()[pri:0, instance:com.qa.crm2.tests.LoginPageTest@22d9ca63]" started-at="2025-07-28T11:44:45 IST" name="forgotPwdLinkExistTest" finished-at="2025-07-28T11:45:21 IST" duration-ms="35406" status="PASS">
          <reporter-output>
          </reporter-output>
        </test-method> <!-- forgotPwdLinkExistTest -->
        <test-method signature="loginPageTitleTest()[pri:0, instance:com.qa.crm2.tests.LoginPageTest@22d9ca63]" started-at="2025-07-28T11:45:21 IST" name="loginPageTitleTest" finished-at="2025-07-28T11:45:21 IST" duration-ms="19" status="PASS">
          <reporter-output>
          </reporter-output>
        </test-method> <!-- loginPageTitleTest -->
        <test-method signature="loginPageUrlTest()[pri:0, instance:com.qa.crm2.tests.LoginPageTest@22d9ca63]" started-at="2025-07-28T11:45:21 IST" name="loginPageUrlTest" finished-at="2025-07-28T11:45:21 IST" duration-ms="16" status="PASS">
          <reporter-output>
          </reporter-output>
        </test-method> <!-- loginPageUrlTest -->
        <test-method signature="loginTest()[pri:0, instance:com.qa.crm2.tests.LoginPageTest@22d9ca63]" started-at="2025-07-28T11:45:21 IST" name="loginTest" finished-at="2025-07-28T11:45:23 IST" duration-ms="2223" status="PASS">
          <reporter-output>
          </reporter-output>
        </test-method> <!-- loginTest -->
        <test-method is-config="true" signature="tearDown()[pri:0, instance:com.qa.crm2.tests.LoginPageTest@22d9ca63]" started-at="2025-07-28T11:45:23 IST" name="tearDown" finished-at="2025-07-28T11:45:24 IST" duration-ms="910" status="PASS">
          <reporter-output>
          </reporter-output>
        </test-method> <!-- tearDown -->
      </class> <!-- com.qa.crm2.tests.LoginPageTest -->
    </test> <!-- Login Page Test Firefox -->
    <test started-at="2025-07-28T11:44:00 IST" name="Accounts Page Test" finished-at="2025-07-28T11:45:24 IST" duration-ms="84412">
      <class name="com.qa.crm2.tests.AccountsPageTest">
        <test-method is-config="true" signature="setup(java.lang.String)[pri:0, instance:com.qa.crm2.tests.AccountsPageTest@634ff56]" started-at="2025-07-28T11:44:00 IST" name="setup" finished-at="2025-07-28T11:44:45 IST" duration-ms="45266" status="PASS">
          <params>
            <param index="0">
              <value>
                <![CDATA[firefox]]>
              </value>
            </param>
          </params>
          <reporter-output>
          </reporter-output>
        </test-method> <!-- setup -->
        <test-method is-config="true" signature="accSetup()[pri:0, instance:com.qa.crm2.tests.AccountsPageTest@634ff56]" started-at="2025-07-28T11:44:45 IST" name="accSetup" finished-at="2025-07-28T11:44:47 IST" duration-ms="1488" status="PASS">
          <reporter-output>
          </reporter-output>
        </test-method> <!-- accSetup -->
        <test-method signature="accPageHeadersTest()[pri:0, instance:com.qa.crm2.tests.AccountsPageTest@634ff56]" started-at="2025-07-28T11:44:47 IST" name="accPageHeadersTest" finished-at="2025-07-28T11:45:22 IST" duration-ms="35079" status="PASS">
          <reporter-output>
          </reporter-output>
        </test-method> <!-- accPageHeadersTest -->
        <test-method signature="accPageTitleTest()[pri:0, instance:com.qa.crm2.tests.AccountsPageTest@634ff56]" started-at="2025-07-28T11:45:22 IST" name="accPageTitleTest" finished-at="2025-07-28T11:45:22 IST" duration-ms="12" status="PASS">
          <reporter-output>
          </reporter-output>
        </test-method> <!-- accPageTitleTest -->
        <test-method signature="accPageURLTest()[pri:0, instance:com.qa.crm2.tests.AccountsPageTest@634ff56]" started-at="2025-07-28T11:45:22 IST" name="accPageURLTest" finished-at="2025-07-28T11:45:22 IST" duration-ms="12" status="PASS">
          <reporter-output>
          </reporter-output>
        </test-method> <!-- accPageURLTest -->
        <test-method signature="isLogoutLinkExistTest()[pri:0, instance:com.qa.crm2.tests.AccountsPageTest@634ff56]" started-at="2025-07-28T11:45:22 IST" name="isLogoutLinkExistTest" finished-at="2025-07-28T11:45:22 IST" duration-ms="66" status="PASS">
          <reporter-output>
          </reporter-output>
        </test-method> <!-- isLogoutLinkExistTest -->
        <test-method signature="isMyAccountLinkExistTest()[pri:0, instance:com.qa.crm2.tests.AccountsPageTest@634ff56]" started-at="2025-07-28T11:45:22 IST" name="isMyAccountLinkExistTest" finished-at="2025-07-28T11:45:22 IST" duration-ms="25" status="PASS">
          <reporter-output>
          </reporter-output>
        </test-method> <!-- isMyAccountLinkExistTest -->
        <test-method signature="searchTest()[pri:0, instance:com.qa.crm2.tests.AccountsPageTest@634ff56]" started-at="2025-07-28T11:45:22 IST" name="searchTest" finished-at="2025-07-28T11:45:24 IST" duration-ms="1612" status="PASS">
          <reporter-output>
          </reporter-output>
        </test-method> <!-- searchTest -->
        <test-method is-config="true" signature="tearDown()[pri:0, instance:com.qa.crm2.tests.AccountsPageTest@634ff56]" started-at="2025-07-28T11:45:24 IST" name="tearDown" finished-at="2025-07-28T11:45:24 IST" duration-ms="421" status="PASS">
          <reporter-output>
          </reporter-output>
        </test-method> <!-- tearDown -->
      </class> <!-- com.qa.crm2.tests.AccountsPageTest -->
    </test> <!-- Accounts Page Test -->
    <test started-at="2025-07-28T11:44:00 IST" name="Add To Cart Page Test" finished-at="2025-07-28T11:45:27 IST" duration-ms="87367">
      <class name="com.qa.crm2.tests.AddToCartPageTest">
        <test-method is-config="true" signature="setup(java.lang.String)[pri:0, instance:com.qa.crm2.tests.AddToCartPageTest@1b90fee4]" started-at="2025-07-28T11:44:00 IST" name="setup" finished-at="2025-07-28T11:44:45 IST" duration-ms="45266" status="PASS">
          <params>
            <param index="0">
              <value>
                <![CDATA[firefox]]>
              </value>
            </param>
          </params>
          <reporter-output>
          </reporter-output>
        </test-method> <!-- setup -->
        <test-method is-config="true" signature="infoAddToCartSetup()[pri:0, instance:com.qa.crm2.tests.AddToCartPageTest@1b90fee4]" started-at="2025-07-28T11:44:45 IST" name="infoAddToCartSetup" finished-at="2025-07-28T11:44:47 IST" duration-ms="1723" status="PASS">
          <reporter-output>
          </reporter-output>
        </test-method> <!-- infoAddToCartSetup -->
        <test-method signature="addToCartPageTitleTest()[pri:0, instance:com.qa.crm2.tests.AddToCartPageTest@1b90fee4]" started-at="2025-07-28T11:44:47 IST" name="addToCartPageTitleTest" finished-at="2025-07-28T11:45:27 IST" duration-ms="39576" status="PASS">
          <reporter-output>
          </reporter-output>
        </test-method> <!-- addToCartPageTitleTest -->
        <test-method is-config="true" signature="tearDown()[pri:0, instance:com.qa.crm2.tests.AddToCartPageTest@1b90fee4]" started-at="2025-07-28T11:45:27 IST" name="tearDown" finished-at="2025-07-28T11:45:27 IST" duration-ms="419" status="PASS">
          <reporter-output>
          </reporter-output>
        </test-method> <!-- tearDown -->
      </class> <!-- com.qa.crm2.tests.AddToCartPageTest -->
    </test> <!-- Add To Cart Page Test -->
    <test started-at="2025-07-28T11:44:00 IST" name="Login Page Test" finished-at="2025-07-28T11:45:31 IST" duration-ms="90969">
      <class name="com.qa.crm2.tests.LoginPageTest">
        <test-method is-config="true" signature="setup(java.lang.String)[pri:0, instance:com.qa.crm2.tests.LoginPageTest@51bddd98]" started-at="2025-07-28T11:44:00 IST" name="setup" finished-at="2025-07-28T11:44:50 IST" duration-ms="49770" status="PASS">
          <params>
            <param index="0">
              <value>
                <![CDATA[chrome]]>
              </value>
            </param>
          </params>
          <reporter-output>
          </reporter-output>
        </test-method> <!-- setup -->
        <test-method signature="forgotPwdLinkExistTest()[pri:0, instance:com.qa.crm2.tests.LoginPageTest@51bddd98]" started-at="2025-07-28T11:44:50 IST" name="forgotPwdLinkExistTest" finished-at="2025-07-28T11:45:26 IST" duration-ms="36017" status="PASS">
          <reporter-output>
          </reporter-output>
        </test-method> <!-- forgotPwdLinkExistTest -->
        <test-method signature="loginPageTitleTest()[pri:0, instance:com.qa.crm2.tests.LoginPageTest@51bddd98]" started-at="2025-07-28T11:45:26 IST" name="loginPageTitleTest" finished-at="2025-07-28T11:45:26 IST" duration-ms="33" status="PASS">
          <reporter-output>
          </reporter-output>
        </test-method> <!-- loginPageTitleTest -->
        <test-method signature="loginPageUrlTest()[pri:0, instance:com.qa.crm2.tests.LoginPageTest@51bddd98]" started-at="2025-07-28T11:45:26 IST" name="loginPageUrlTest" finished-at="2025-07-28T11:45:26 IST" duration-ms="23" status="PASS">
          <reporter-output>
          </reporter-output>
        </test-method> <!-- loginPageUrlTest -->
        <test-method signature="loginTest()[pri:0, instance:com.qa.crm2.tests.LoginPageTest@51bddd98]" started-at="2025-07-28T11:45:26 IST" name="loginTest" finished-at="2025-07-28T11:45:31 IST" duration-ms="4942" status="PASS">
          <reporter-output>
          </reporter-output>
        </test-method> <!-- loginTest -->
        <test-method is-config="true" signature="tearDown()[pri:0, instance:com.qa.crm2.tests.LoginPageTest@51bddd98]" started-at="2025-07-28T11:45:31 IST" name="tearDown" finished-at="2025-07-28T11:45:31 IST" duration-ms="107" status="PASS">
          <reporter-output>
          </reporter-output>
        </test-method> <!-- tearDown -->
      </class> <!-- com.qa.crm2.tests.LoginPageTest -->
    </test> <!-- Login Page Test -->
    <test started-at="2025-07-28T11:44:00 IST" name="Search Results Page Test" finished-at="2025-07-28T11:46:11 IST" duration-ms="131266">
      <class name="com.qa.crm2.tests.SearchResultsTest">
        <test-method is-config="true" signature="setup(java.lang.String)[pri:0, instance:com.qa.crm2.tests.SearchResultsTest@2693c618]" started-at="2025-07-28T11:44:00 IST" name="setup" finished-at="2025-07-28T11:44:50 IST" duration-ms="49913" status="PASS">
          <params>
            <param index="0">
              <value>
                <![CDATA[chrome]]>
              </value>
            </param>
          </params>
          <reporter-output>
          </reporter-output>
        </test-method> <!-- setup -->
        <test-method is-config="true" signature="searchResultsSetup()[pri:0, instance:com.qa.crm2.tests.SearchResultsTest@2693c618]" started-at="2025-07-28T11:44:50 IST" name="searchResultsSetup" finished-at="2025-07-28T11:44:54 IST" duration-ms="3818" status="PASS">
          <reporter-output>
          </reporter-output>
        </test-method> <!-- searchResultsSetup -->
        <test-method signature="searchResultsCountTest(java.lang.String,int)[pri:0, instance:com.qa.crm2.tests.SearchResultsTest@2693c618]" started-at="2025-07-28T11:44:54 IST" name="searchResultsCountTest" data-provider="getProductCountData" finished-at="2025-07-28T11:45:32 IST" duration-ms="38871" status="PASS">
          <params>
            <param index="0">
              <value>
                <![CDATA[macbook]]>
              </value>
            </param>
            <param index="1">
              <value>
                <![CDATA[3]]>
              </value>
            </param>
          </params>
          <reporter-output>
          </reporter-output>
        </test-method> <!-- searchResultsCountTest -->
        <test-method signature="searchResultsCountTest(java.lang.String,int)[pri:0, instance:com.qa.crm2.tests.SearchResultsTest@2693c618]" started-at="2025-07-28T11:45:32 IST" name="searchResultsCountTest" data-provider="getProductCountData" finished-at="2025-07-28T11:45:33 IST" duration-ms="947" status="PASS">
          <params>
            <param index="0">
              <value>
                <![CDATA[imac]]>
              </value>
            </param>
            <param index="1">
              <value>
                <![CDATA[1]]>
              </value>
            </param>
          </params>
          <reporter-output>
          </reporter-output>
        </test-method> <!-- searchResultsCountTest -->
        <test-method signature="searchResultsCountTest(java.lang.String,int)[pri:0, instance:com.qa.crm2.tests.SearchResultsTest@2693c618]" started-at="2025-07-28T11:45:33 IST" name="searchResultsCountTest" data-provider="getProductCountData" finished-at="2025-07-28T11:45:35 IST" duration-ms="1344" status="PASS">
          <params>
            <param index="0">
              <value>
                <![CDATA[samsung]]>
              </value>
            </param>
            <param index="1">
              <value>
                <![CDATA[2]]>
              </value>
            </param>
          </params>
          <reporter-output>
          </reporter-output>
        </test-method> <!-- searchResultsCountTest -->
        <test-method signature="searchResultsTest()[pri:0, instance:com.qa.crm2.tests.SearchResultsTest@2693c618]" started-at="2025-07-28T11:45:35 IST" name="searchResultsTest" finished-at="2025-07-28T11:46:11 IST" duration-ms="36116" status="PASS">
          <reporter-output>
          </reporter-output>
        </test-method> <!-- searchResultsTest -->
        <test-method is-config="true" signature="tearDown()[pri:0, instance:com.qa.crm2.tests.SearchResultsTest@2693c618]" started-at="2025-07-28T11:46:11 IST" name="tearDown" finished-at="2025-07-28T11:46:11 IST" duration-ms="115" status="PASS">
          <reporter-output>
          </reporter-output>
        </test-method> <!-- tearDown -->
      </class> <!-- com.qa.crm2.tests.SearchResultsTest -->
    </test> <!-- Search Results Page Test -->
    <test started-at="2025-07-28T11:45:25 IST" name="Register Page Test" finished-at="2025-07-28T11:46:18 IST" duration-ms="53354">
      <class name="com.qa.crm2.tests.RegPageTest">
        <test-method is-config="true" signature="setup(java.lang.String)[pri:0, instance:com.qa.crm2.tests.RegPageTest@7066363]" started-at="2025-07-28T11:45:25 IST" name="setup" finished-at="2025-07-28T11:45:31 IST" duration-ms="6490" status="PASS">
          <params>
            <param index="0">
              <value>
                <![CDATA[firefox]]>
              </value>
            </param>
          </params>
          <reporter-output>
          </reporter-output>
        </test-method> <!-- setup -->
        <test-method is-config="true" signature="regSetup()[pri:0, instance:com.qa.crm2.tests.RegPageTest@7066363]" started-at="2025-07-28T11:45:31 IST" name="regSetup" finished-at="2025-07-28T11:45:33 IST" duration-ms="1589" status="PASS">
          <reporter-output>
          </reporter-output>
        </test-method> <!-- regSetup -->
        <test-method signature="userRegTest(java.lang.String,java.lang.String,java.lang.String,java.lang.String,java.lang.String)[pri:0, instance:com.qa.crm2.tests.RegPageTest@7066363]" started-at="2025-07-28T11:45:35 IST" name="userRegTest" data-provider="getUserRegTestDataFromExcel" finished-at="2025-07-28T11:46:12 IST" duration-ms="37805" status="PASS">
          <params>
            <param index="0">
              <value>
                <![CDATA[Gaurav]]>
              </value>
            </param>
            <param index="1">
              <value>
                <![CDATA[Gupta]]>
              </value>
            </param>
            <param index="2">
              <value>
                <![CDATA[98765456789]]>
              </value>
            </param>
            <param index="3">
              <value>
                <![CDATA[gg@123]]>
              </value>
            </param>
            <param index="4">
              <value>
                <![CDATA[yes]]>
              </value>
            </param>
          </params>
          <reporter-output>
          </reporter-output>
        </test-method> <!-- userRegTest -->
        <test-method signature="userRegTest(java.lang.String,java.lang.String,java.lang.String,java.lang.String,java.lang.String)[pri:0, instance:com.qa.crm2.tests.RegPageTest@7066363]" started-at="2025-07-28T11:46:12 IST" name="userRegTest" data-provider="getUserRegTestDataFromExcel" finished-at="2025-07-28T11:46:15 IST" duration-ms="2677" status="PASS">
          <params>
            <param index="0">
              <value>
                <![CDATA[Shilpa]]>
              </value>
            </param>
            <param index="1">
              <value>
                <![CDATA[mamiidipelli]]>
              </value>
            </param>
            <param index="2">
              <value>
                <![CDATA[98765456780]]>
              </value>
            </param>
            <param index="3">
              <value>
                <![CDATA[sh@123]]>
              </value>
            </param>
            <param index="4">
              <value>
                <![CDATA[no]]>
              </value>
            </param>
          </params>
          <reporter-output>
          </reporter-output>
        </test-method> <!-- userRegTest -->
        <test-method signature="userRegTest(java.lang.String,java.lang.String,java.lang.String,java.lang.String,java.lang.String)[pri:0, instance:com.qa.crm2.tests.RegPageTest@7066363]" started-at="2025-07-28T11:46:15 IST" name="userRegTest" data-provider="getUserRegTestDataFromExcel" finished-at="2025-07-28T11:46:18 IST" duration-ms="2571" status="PASS">
          <params>
            <param index="0">
              <value>
                <![CDATA[Om]]>
              </value>
            </param>
            <param index="1">
              <value>
                <![CDATA[Gautam]]>
              </value>
            </param>
            <param index="2">
              <value>
                <![CDATA[88765456780]]>
              </value>
            </param>
            <param index="3">
              <value>
                <![CDATA[om@123]]>
              </value>
            </param>
            <param index="4">
              <value>
                <![CDATA[yes]]>
              </value>
            </param>
          </params>
          <reporter-output>
          </reporter-output>
        </test-method> <!-- userRegTest -->
        <test-method is-config="true" signature="tearDown()[pri:0, instance:com.qa.crm2.tests.RegPageTest@7066363]" started-at="2025-07-28T11:46:18 IST" name="tearDown" finished-at="2025-07-28T11:46:18 IST" duration-ms="716" status="PASS">
          <reporter-output>
          </reporter-output>
        </test-method> <!-- tearDown -->
      </class> <!-- com.qa.crm2.tests.RegPageTest -->
    </test> <!-- Register Page Test -->
    <test started-at="2025-07-28T11:44:00 IST" name="Product Info Page Test" finished-at="2025-07-28T11:50:29 IST" duration-ms="389434">
      <class name="com.qa.crm2.tests.ProductPageInfoTest">
        <test-method is-config="true" signature="setup(java.lang.String)[pri:0, instance:com.qa.crm2.tests.ProductPageInfoTest@6975fb1c]" started-at="2025-07-28T11:44:00 IST" name="setup" finished-at="2025-07-28T11:44:50 IST" duration-ms="49819" status="PASS">
          <params>
            <param index="0">
              <value>
                <![CDATA[chrome]]>
              </value>
            </param>
          </params>
          <reporter-output>
          </reporter-output>
        </test-method> <!-- setup -->
        <test-method is-config="true" signature="infoPageSetup()[pri:0, instance:com.qa.crm2.tests.ProductPageInfoTest@6975fb1c]" started-at="2025-07-28T11:44:50 IST" name="infoPageSetup" finished-at="2025-07-28T11:44:54 IST" duration-ms="3976" status="PASS">
          <reporter-output>
          </reporter-output>
        </test-method> <!-- infoPageSetup -->
        <test-method signature="addItemTest()[pri:0, instance:com.qa.crm2.tests.ProductPageInfoTest@6975fb1c]" started-at="2025-07-28T11:44:54 IST" name="addItemTest" finished-at="2025-07-28T11:45:37 IST" duration-ms="43054" status="PASS">
          <reporter-output>
          </reporter-output>
        </test-method> <!-- addItemTest -->
        <test-method signature="productHeaderTest(java.lang.String,java.lang.String)[pri:0, instance:com.qa.crm2.tests.ProductPageInfoTest@6975fb1c]" started-at="2025-07-28T11:45:37 IST" name="productHeaderTest" data-provider="getProductSearchData" finished-at="2025-07-28T11:46:14 IST" duration-ms="37625" status="PASS">
          <params>
            <param index="0">
              <value>
                <![CDATA[macbook]]>
              </value>
            </param>
            <param index="1">
              <value>
                <![CDATA[MacBook Pro]]>
              </value>
            </param>
          </params>
          <reporter-output>
          </reporter-output>
        </test-method> <!-- productHeaderTest -->
        <test-method signature="productHeaderTest(java.lang.String,java.lang.String)[pri:0, instance:com.qa.crm2.tests.ProductPageInfoTest@6975fb1c]" started-at="2025-07-28T11:46:14 IST" name="productHeaderTest" data-provider="getProductSearchData" finished-at="2025-07-28T11:46:17 IST" duration-ms="3062" status="PASS">
          <params>
            <param index="0">
              <value>
                <![CDATA[imac]]>
              </value>
            </param>
            <param index="1">
              <value>
                <![CDATA[iMac]]>
              </value>
            </param>
          </params>
          <reporter-output>
          </reporter-output>
        </test-method> <!-- productHeaderTest -->
        <test-method signature="productHeaderTest(java.lang.String,java.lang.String)[pri:0, instance:com.qa.crm2.tests.ProductPageInfoTest@6975fb1c]" started-at="2025-07-28T11:46:17 IST" name="productHeaderTest" data-provider="getProductSearchData" finished-at="2025-07-28T11:46:55 IST" duration-ms="37479" status="PASS">
          <params>
            <param index="0">
              <value>
                <![CDATA[samsung]]>
              </value>
            </param>
            <param index="1">
              <value>
                <![CDATA[Samsung SyncMaster 941BW]]>
              </value>
            </param>
          </params>
          <reporter-output>
          </reporter-output>
        </test-method> <!-- productHeaderTest -->
        <test-method signature="productHeaderTest(java.lang.String,java.lang.String)[pri:0, instance:com.qa.crm2.tests.ProductPageInfoTest@6975fb1c]" started-at="2025-07-28T11:46:55 IST" name="productHeaderTest" data-provider="getProductSearchData" finished-at="2025-07-28T11:46:56 IST" duration-ms="1654" status="PASS">
          <params>
            <param index="0">
              <value>
                <![CDATA[samsung]]>
              </value>
            </param>
            <param index="1">
              <value>
                <![CDATA[Samsung Galaxy Tab 10.1]]>
              </value>
            </param>
          </params>
          <reporter-output>
          </reporter-output>
        </test-method> <!-- productHeaderTest -->
        <test-method signature="productImagesCountTest(java.lang.String,java.lang.String,int)[pri:0, instance:com.qa.crm2.tests.ProductPageInfoTest@6975fb1c]" started-at="2025-07-28T11:46:56 IST" name="productImagesCountTest" data-provider="getProductImagesData" finished-at="2025-07-28T11:46:58 IST" duration-ms="1549" status="PASS">
          <params>
            <param index="0">
              <value>
                <![CDATA[macbook]]>
              </value>
            </param>
            <param index="1">
              <value>
                <![CDATA[MacBook Pro]]>
              </value>
            </param>
            <param index="2">
              <value>
                <![CDATA[4]]>
              </value>
            </param>
          </params>
          <reporter-output>
          </reporter-output>
        </test-method> <!-- productImagesCountTest -->
        <test-method signature="productImagesCountTest(java.lang.String,java.lang.String,int)[pri:0, instance:com.qa.crm2.tests.ProductPageInfoTest@6975fb1c]" started-at="2025-07-28T11:46:58 IST" name="productImagesCountTest" data-provider="getProductImagesData" finished-at="2025-07-28T11:47:00 IST" duration-ms="1566" status="PASS">
          <params>
            <param index="0">
              <value>
                <![CDATA[imac]]>
              </value>
            </param>
            <param index="1">
              <value>
                <![CDATA[iMac]]>
              </value>
            </param>
            <param index="2">
              <value>
                <![CDATA[3]]>
              </value>
            </param>
          </params>
          <reporter-output>
          </reporter-output>
        </test-method> <!-- productImagesCountTest -->
        <test-method signature="productImagesCountTest(java.lang.String,java.lang.String,int)[pri:0, instance:com.qa.crm2.tests.ProductPageInfoTest@6975fb1c]" started-at="2025-07-28T11:47:00 IST" name="productImagesCountTest" data-provider="getProductImagesData" finished-at="2025-07-28T11:47:40 IST" duration-ms="40661" status="PASS">
          <params>
            <param index="0">
              <value>
                <![CDATA[samsung]]>
              </value>
            </param>
            <param index="1">
              <value>
                <![CDATA[Samsung SyncMaster 941BW]]>
              </value>
            </param>
            <param index="2">
              <value>
                <![CDATA[1]]>
              </value>
            </param>
          </params>
          <reporter-output>
          </reporter-output>
        </test-method> <!-- productImagesCountTest -->
        <test-method signature="productImagesCountTest(java.lang.String,java.lang.String,int)[pri:0, instance:com.qa.crm2.tests.ProductPageInfoTest@6975fb1c]" started-at="2025-07-28T11:47:40 IST" name="productImagesCountTest" data-provider="getProductImagesData" finished-at="2025-07-28T11:48:20 IST" duration-ms="39772" status="PASS">
          <params>
            <param index="0">
              <value>
                <![CDATA[samsung]]>
              </value>
            </param>
            <param index="1">
              <value>
                <![CDATA[Samsung Galaxy Tab 10.1]]>
              </value>
            </param>
            <param index="2">
              <value>
                <![CDATA[7]]>
              </value>
            </param>
          </params>
          <reporter-output>
          </reporter-output>
        </test-method> <!-- productImagesCountTest -->
        <test-method signature="productImagesCountTest(java.lang.String,java.lang.String,java.lang.String)[pri:0, instance:com.qa.crm2.tests.ProductPageInfoTest@6975fb1c]" started-at="2025-07-28T11:48:20 IST" name="productImagesCountTest" data-provider="getProductImagesDataFromExcel" finished-at="2025-07-28T11:48:24 IST" duration-ms="3441" status="PASS">
          <params>
            <param index="0">
              <value>
                <![CDATA[macbook]]>
              </value>
            </param>
            <param index="1">
              <value>
                <![CDATA[MacBook Pro]]>
              </value>
            </param>
            <param index="2">
              <value>
                <![CDATA[4]]>
              </value>
            </param>
          </params>
          <reporter-output>
          </reporter-output>
        </test-method> <!-- productImagesCountTest -->
        <test-method signature="productImagesCountTest(java.lang.String,java.lang.String,java.lang.String)[pri:0, instance:com.qa.crm2.tests.ProductPageInfoTest@6975fb1c]" started-at="2025-07-28T11:48:24 IST" name="productImagesCountTest" data-provider="getProductImagesDataFromExcel" finished-at="2025-07-28T11:49:03 IST" duration-ms="39452" status="PASS">
          <params>
            <param index="0">
              <value>
                <![CDATA[imac]]>
              </value>
            </param>
            <param index="1">
              <value>
                <![CDATA[iMac]]>
              </value>
            </param>
            <param index="2">
              <value>
                <![CDATA[3]]>
              </value>
            </param>
          </params>
          <reporter-output>
          </reporter-output>
        </test-method> <!-- productImagesCountTest -->
        <test-method signature="productImagesCountTest(java.lang.String,java.lang.String,java.lang.String)[pri:0, instance:com.qa.crm2.tests.ProductPageInfoTest@6975fb1c]" started-at="2025-07-28T11:49:03 IST" name="productImagesCountTest" data-provider="getProductImagesDataFromExcel" finished-at="2025-07-28T11:49:05 IST" duration-ms="2244" status="PASS">
          <params>
            <param index="0">
              <value>
                <![CDATA[samsung]]>
              </value>
            </param>
            <param index="1">
              <value>
                <![CDATA[Samsung SyncMaster 941BW]]>
              </value>
            </param>
            <param index="2">
              <value>
                <![CDATA[1]]>
              </value>
            </param>
          </params>
          <reporter-output>
          </reporter-output>
        </test-method> <!-- productImagesCountTest -->
        <test-method signature="productImagesCountTest(java.lang.String,java.lang.String,java.lang.String)[pri:0, instance:com.qa.crm2.tests.ProductPageInfoTest@6975fb1c]" started-at="2025-07-28T11:49:05 IST" name="productImagesCountTest" data-provider="getProductImagesDataFromExcel" finished-at="2025-07-28T11:49:45 IST" duration-ms="39889" status="PASS">
          <params>
            <param index="0">
              <value>
                <![CDATA[samsung]]>
              </value>
            </param>
            <param index="1">
              <value>
                <![CDATA[Samsung Galaxy Tab 10.1]]>
              </value>
            </param>
            <param index="2">
              <value>
                <![CDATA[7]]>
              </value>
            </param>
          </params>
          <reporter-output>
          </reporter-output>
        </test-method> <!-- productImagesCountTest -->
        <test-method signature="productImagesCountTest(java.lang.String,java.lang.String,java.lang.String)[pri:0, instance:com.qa.crm2.tests.ProductPageInfoTest@6975fb1c]" started-at="2025-07-28T11:49:45 IST" name="productImagesCountTest" data-provider="getProductImagesDataFromExcel" finished-at="2025-07-28T11:49:48 IST" duration-ms="2808" status="PASS">
          <params>
            <param index="0">
              <value>
                <![CDATA[canon]]>
              </value>
            </param>
            <param index="1">
              <value>
                <![CDATA[Canon EOS 5D]]>
              </value>
            </param>
            <param index="2">
              <value>
                <![CDATA[3]]>
              </value>
            </param>
          </params>
          <reporter-output>
          </reporter-output>
        </test-method> <!-- productImagesCountTest -->
        <test-method signature="productInfoTest()[pri:0, instance:com.qa.crm2.tests.ProductPageInfoTest@6975fb1c]" started-at="2025-07-28T11:49:48 IST" name="productInfoTest" finished-at="2025-07-28T11:50:29 IST" duration-ms="40952" status="PASS">
          <reporter-output>
          </reporter-output>
        </test-method> <!-- productInfoTest -->
        <test-method is-config="true" signature="tearDown()[pri:0, instance:com.qa.crm2.tests.ProductPageInfoTest@6975fb1c]" started-at="2025-07-28T11:50:29 IST" name="tearDown" finished-at="2025-07-28T11:50:29 IST" duration-ms="139" status="PASS">
          <reporter-output>
          </reporter-output>
        </test-method> <!-- tearDown -->
      </class> <!-- com.qa.crm2.tests.ProductPageInfoTest -->
    </test> <!-- Product Info Page Test -->
  </suite> <!-- Open Cart Regression Suite -->
</testng-results>
