<?xml version="1.0" encoding="UTF-8"?>
<!-- Generated by org.testng.reporters.JUnitXMLReporter -->
<testsuite ignored="0" hostname="LP-000873.local" failures="0" tests="6" name="Accounts Page Test" time="86.308" errors="0" timestamp="2025-07-27T07:13:59 IST">
  <testcase classname="com.qa.crm2.tests.AccountsPageTest" name="accPageHeadersTest" time="35.217"/>
  <testcase classname="com.qa.crm2.tests.AccountsPageTest" name="accPageTitleTest" time="0.035"/>
  <testcase classname="com.qa.crm2.tests.AccountsPageTest" name="accPageURLTest" time="0.055"/>
  <testcase classname="com.qa.crm2.tests.AccountsPageTest" name="isLogoutLinkExistTest" time="0.866"/>
  <testcase classname="com.qa.crm2.tests.AccountsPageTest" name="isMyAccountLinkExistTest" time="0.144"/>
  <testcase classname="com.qa.crm2.tests.AccountsPageTest" name="searchTest" time="1.118"/>
</testsuite> <!-- Accounts Page Test -->
