<?xml version="1.0" encoding="UTF-8"?>
<!-- Generated by org.testng.reporters.JUnitXMLReporter -->
<testsuite ignored="0" hostname="LP-000873.local" failures="0" tests="2" name="Add To Cart Page Test" time="56.714" errors="0" timestamp="2025-07-25T23:32:53 IST">
  <testcase classname="com.qa.crm2.tests.SearchResultsTest" name="searchResultsCountTest" time="7.144"/>
  <testcase classname="com.qa.crm2.tests.AddToCartPageTest" name="addToCartPageTitleTest" time="18.403"/>
</testsuite> <!-- Add To Cart Page Test -->
