<?xml version="1.0" encoding="UTF-8"?>
<!-- Generated by org.testng.reporters.JUnitXMLReporter -->
<testsuite ignored="0" hostname="LP-000873.local" failures="0" tests="4" name="Login Page Test Firefox" time="84.453" errors="0" timestamp="2025-07-28T11:45:25 IST">
  <testcase classname="com.qa.crm2.tests.LoginPageTest" name="forgotPwdLinkExistTest" time="35.406"/>
  <testcase classname="com.qa.crm2.tests.LoginPageTest" name="loginPageTitleTest" time="0.019"/>
  <testcase classname="com.qa.crm2.tests.LoginPageTest" name="loginPageUrlTest" time="0.016"/>
  <testcase classname="com.qa.crm2.tests.LoginPageTest" name="loginTest" time="2.223"/>
</testsuite> <!-- Login Page Test Firefox -->
