<?xml version="1.0" encoding="UTF-8"?>
<!-- Generated by org.testng.reporters.JUnitXMLReporter -->
<testsuite ignored="0" hostname="LP-000873.local" failures="0" tests="4" name="Login Page Test" time="90.969" errors="0" timestamp="2025-07-28T11:45:31 IST">
  <testcase classname="com.qa.crm2.tests.LoginPageTest" name="forgotPwdLinkExistTest" time="36.017"/>
  <testcase classname="com.qa.crm2.tests.LoginPageTest" name="loginPageTitleTest" time="0.033"/>
  <testcase classname="com.qa.crm2.tests.LoginPageTest" name="loginPageUrlTest" time="0.023"/>
  <testcase classname="com.qa.crm2.tests.LoginPageTest" name="loginTest" time="4.942"/>
</testsuite> <!-- Login Page Test -->
