<?xml version="1.0" encoding="UTF-8"?>
<!-- Generated by org.testng.reporters.JUnitXMLReporter -->
<testsuite ignored="0" hostname="LP-000873.local" failures="0" tests="4" name="Login Page Test" time="91.252" errors="0" timestamp="2025-07-27T08:29:18 IST">
  <testcase classname="com.qa.crm2.tests.LoginPageTest" name="forgotPwdLinkExistTest" time="35.643"/>
  <testcase classname="com.qa.crm2.tests.LoginPageTest" name="loginPageTitleTest" time="0.042"/>
  <testcase classname="com.qa.crm2.tests.LoginPageTest" name="loginPageUrlTest" time="0.029"/>
  <testcase classname="com.qa.crm2.tests.LoginPageTest" name="loginTest" time="4.385"/>
</testsuite> <!-- Login Page Test -->
