<?xml version="1.0" encoding="UTF-8"?>
<!-- Generated by org.testng.reporters.JUnitXMLReporter -->
<testsuite ignored="0" hostname="LP-000873.local" failures="0" tests="4" name="Login Page Test Firefox" time="83.984" errors="0" timestamp="2025-07-27T08:29:11 IST">
  <testcase classname="com.qa.crm2.tests.LoginPageTest" name="forgotPwdLinkExistTest" time="35.251"/>
  <testcase classname="com.qa.crm2.tests.LoginPageTest" name="loginPageTitleTest" time="0.02"/>
  <testcase classname="com.qa.crm2.tests.LoginPageTest" name="loginPageUrlTest" time="0.019"/>
  <testcase classname="com.qa.crm2.tests.LoginPageTest" name="loginTest" time="0.939"/>
</testsuite> <!-- Login Page Test Firefox -->
