<?xml version="1.0" encoding="UTF-8"?>
<!-- Generated by org.testng.reporters.JUnitXMLReporter -->
<testsuite ignored="0" hostname="LP-000873.local" failures="0" tests="15" name="Product Info Page Test" time="386.691" errors="0" timestamp="2025-07-27T08:34:48 IST">
  <testcase classname="com.qa.crm2.tests.ProductPageInfoTest" name="addItemTest" time="43.64"/>
  <testcase classname="com.qa.crm2.tests.ProductPageInfoTest" name="productHeaderTest" time="38.59"/>
  <testcase classname="com.qa.crm2.tests.ProductPageInfoTest" name="productHeaderTest" time="3.232"/>
  <testcase classname="com.qa.crm2.tests.ProductPageInfoTest" name="productHeaderTest" time="39.776"/>
  <testcase classname="com.qa.crm2.tests.ProductPageInfoTest" name="productHeaderTest" time="2.042"/>
  <testcase classname="com.qa.crm2.tests.ProductPageInfoTest" name="productImagesCountTest" time="38.79"/>
  <testcase classname="com.qa.crm2.tests.ProductPageInfoTest" name="productImagesCountTest" time="2.388"/>
  <testcase classname="com.qa.crm2.tests.ProductPageInfoTest" name="productImagesCountTest" time="39.93"/>
  <testcase classname="com.qa.crm2.tests.ProductPageInfoTest" name="productImagesCountTest" time="1.673"/>
  <testcase classname="com.qa.crm2.tests.ProductPageInfoTest" name="productImagesCountTest" time="38.418"/>
  <testcase classname="com.qa.crm2.tests.ProductPageInfoTest" name="productImagesCountTest" time="2.044"/>
  <testcase classname="com.qa.crm2.tests.ProductPageInfoTest" name="productImagesCountTest" time="38.629"/>
  <testcase classname="com.qa.crm2.tests.ProductPageInfoTest" name="productImagesCountTest" time="1.557"/>
  <testcase classname="com.qa.crm2.tests.ProductPageInfoTest" name="productImagesCountTest" time="39.273"/>
  <testcase classname="com.qa.crm2.tests.ProductPageInfoTest" name="productInfoTest" time="1.716"/>
</testsuite> <!-- Product Info Page Test -->
