<?xml version="1.0" encoding="UTF-8"?>
<!-- Generated by org.testng.reporters.JUnitXMLReporter -->
<testsuite ignored="0" hostname="LP-000873.local" failures="0" tests="3" name="Register Page Test" time="186.548" errors="0" timestamp="2025-07-27T07:17:03 IST">
  <testcase classname="com.qa.crm2.tests.RegPageTest" name="userRegTest" time="39.82"/>
  <testcase classname="com.qa.crm2.tests.RegPageTest" name="userRegTest" time="3.735"/>
  <testcase classname="com.qa.crm2.tests.RegPageTest" name="userRegTest" time="38.868"/>
</testsuite> <!-- Register Page Test -->
