<?xml version="1.0" encoding="UTF-8"?>
<!-- Generated by org.testng.reporters.JUnitXMLReporter -->
<testsuite ignored="0" hostname="LP-000873.local" failures="0" tests="3" name="Register Page Test" time="53.354" errors="0" timestamp="2025-07-28T11:46:53 IST">
  <testcase classname="com.qa.crm2.tests.RegPageTest" name="userRegTest" time="37.805"/>
  <testcase classname="com.qa.crm2.tests.RegPageTest" name="userRegTest" time="2.677"/>
  <testcase classname="com.qa.crm2.tests.RegPageTest" name="userRegTest" time="2.571"/>
</testsuite> <!-- Register Page Test -->
