<?xml version="1.0" encoding="UTF-8"?>
<!-- Generated by org.testng.reporters.JUnitXMLReporter -->
<testsuite ignored="0" hostname="LP-000873.local" failures="0" tests="5" name="Search Results Page Test" time="62.533" errors="0" timestamp="2025-07-25T23:33:04 IST">
  <testcase classname="com.qa.crm2.tests.ProductPageInfoTest" name="addItemTest" time="25.318"/>
  <testcase classname="com.qa.crm2.tests.SearchResultsTest" name="searchResultsCountTest" time="3.755"/>
  <testcase classname="com.qa.crm2.tests.LoginPageTest" name="loginTest" time="15.261">
    <skipped/>
  </testcase> <!-- loginTest -->
  <testcase classname="com.qa.crm2.tests.SearchResultsTest" name="searchResultsTest" time="3.351"/>
  <testcase classname="com.qa.crm2.tests.ProductPageInfoTest" name="productHeaderTest" time="6.017"/>
</testsuite> <!-- Search Results Page Test -->
